d:\bishad\creation center\c++\test\inimical-battleground\debug\vc142.pdb
d:\bishad\creation center\c++\test\inimical-battleground\debug\vc142.idb
d:\bishad\creation center\c++\test\inimical-battleground\debug\playercontroller.obj
d:\bishad\creation center\c++\test\inimical-battleground\debug\player.obj
d:\bishad\creation center\c++\test\inimical-battleground\debug\collider.obj
d:\bishad\creation center\c++\test\inimical-battleground\debug\bullet.obj
d:\bishad\creation center\c++\test\inimical-battleground\debug\audio.obj
d:\bishad\creation center\c++\test\inimical-battleground\debug\arena.obj
d:\bishad\creation center\c++\test\inimical-battleground\debug\animation.obj
d:\bishad\creation center\c++\test\inimical-battleground\debug\server.obj
d:\bishad\creation center\c++\test\inimical-battleground\debug\client.obj
d:\bishad\creation center\c++\test\inimical-battleground\debug\source.obj
d:\bishad\creation center\c++\test\inimical-battleground\debug\mainmenu.obj
d:\bishad\creation center\c++\test\inimical-battleground\debug\connect.obj
d:\bishad\creation center\c++\test\inimical-battleground\debug\game.obj
d:\bishad\creation center\c++\test\inimical-battleground\debug\gameserver.obj
d:\bishad\creation center\c++\test\inimical-battleground\debug\gameclient.obj
d:\bishad\creation center\c++\test\inimical-battleground\debug\final inimical battleground.exe
d:\bishad\creation center\c++\test\inimical-battleground\debug\final inimical battleground.ilk
d:\bishad\creation center\c++\test\inimical-battleground\debug\final inimical battleground.pdb
d:\bishad\creation center\c++\test\inimical-battleground\debug\final in.99fabd60.tlog\cl.command.1.tlog
d:\bishad\creation center\c++\test\inimical-battleground\debug\final in.99fabd60.tlog\cl.read.1.tlog
d:\bishad\creation center\c++\test\inimical-battleground\debug\final in.99fabd60.tlog\cl.write.1.tlog
d:\bishad\creation center\c++\test\inimical-battleground\debug\final in.99fabd60.tlog\link.command.1.tlog
d:\bishad\creation center\c++\test\inimical-battleground\debug\final in.99fabd60.tlog\link.read.1.tlog
d:\bishad\creation center\c++\test\inimical-battleground\debug\final in.99fabd60.tlog\link.write.1.tlog
