d:\bishad\creation center\c++\test\inimical-battleground\release\vc142.pdb
d:\bishad\creation center\c++\test\inimical-battleground\release\source.obj
d:\bishad\creation center\c++\test\inimical-battleground\release\playercontroller.obj
d:\bishad\creation center\c++\test\inimical-battleground\release\player.obj
d:\bishad\creation center\c++\test\inimical-battleground\release\game.obj
d:\bishad\creation center\c++\test\inimical-battleground\release\collider.obj
d:\bishad\creation center\c++\test\inimical-battleground\release\bullet.obj
d:\bishad\creation center\c++\test\inimical-battleground\release\arena.obj
d:\bishad\creation center\c++\test\inimical-battleground\release\animation.obj
d:\bishad\creation center\c++\test\inimical-battleground\release\final inimical battleground.ipdb
d:\bishad\creation center\c++\test\inimical-battleground\release\final inimical battleground.iobj
d:\bishad\creation center\c++\test\inimical-battleground\release\final inimical battleground.exe
d:\bishad\creation center\c++\test\inimical-battleground\release\final inimical battleground.pdb
d:\bishad\creation center\c++\test\inimical-battleground\release\final in.99fabd60.tlog\cl.command.1.tlog
d:\bishad\creation center\c++\test\inimical-battleground\release\final in.99fabd60.tlog\cl.read.1.tlog
d:\bishad\creation center\c++\test\inimical-battleground\release\final in.99fabd60.tlog\cl.write.1.tlog
d:\bishad\creation center\c++\test\inimical-battleground\release\final in.99fabd60.tlog\final inimical battleground.write.1u.tlog
d:\bishad\creation center\c++\test\inimical-battleground\release\final in.99fabd60.tlog\link.command.1.tlog
d:\bishad\creation center\c++\test\inimical-battleground\release\final in.99fabd60.tlog\link.delete.1.tlog
d:\bishad\creation center\c++\test\inimical-battleground\release\final in.99fabd60.tlog\link.read.1.tlog
d:\bishad\creation center\c++\test\inimical-battleground\release\final in.99fabd60.tlog\link.write.1.tlog
